SF:lib/data/datasources/tv/tv_remote_datasources.dart
DA:22,1
DA:24,1
DA:26,1
DA:27,2
DA:29,2
DA:30,4
DA:32,1
DA:36,1
DA:38,1
DA:39,2
DA:41,2
DA:42,4
DA:44,1
DA:48,1
DA:50,1
DA:51,2
DA:53,2
DA:54,4
DA:56,1
DA:60,1
DA:62,2
DA:63,2
DA:65,2
DA:66,3
DA:68,1
DA:72,1
DA:75,2
DA:77,2
DA:79,2
DA:80,4
DA:82,1
DA:86,1
DA:89,2
DA:90,2
DA:92,2
DA:93,4
DA:95,1
LF:37
LH:37
end_of_record
SF:lib/data/models/tv_detail_model.dart
DA:28,3
DA:51,2
DA:52,1
DA:53,1
DA:54,1
DA:55,0
DA:56,1
DA:57,4
DA:58,1
DA:59,1
DA:60,1
DA:61,0
DA:62,4
DA:63,1
DA:64,1
DA:65,1
DA:66,1
DA:67,1
DA:68,0
DA:69,4
DA:70,1
DA:71,1
DA:72,1
DA:73,2
DA:74,1
DA:75,1
DA:76,1
DA:77,2
DA:78,1
DA:81,2
DA:82,1
DA:83,1
DA:84,5
DA:85,1
DA:86,1
DA:87,1
DA:88,0
DA:89,4
DA:90,1
DA:91,1
DA:92,1
DA:93,1
DA:94,1
DA:95,0
DA:96,4
DA:97,1
DA:98,1
DA:99,1
DA:100,1
DA:101,1
DA:102,1
DA:103,1
DA:104,1
DA:105,1
DA:107,2
DA:108,2
DA:109,2
DA:110,2
DA:111,10
DA:112,2
DA:113,2
DA:114,2
DA:115,2
DA:116,2
DA:117,2
DA:118,2
DA:119,2
DA:120,2
DA:121,2
DA:122,2
DA:123,2
DA:124,2
DA:125,2
DA:126,2
DA:127,2
DA:128,2
DA:132,1
DA:133,1
DA:134,1
DA:135,1
DA:136,1
DA:137,1
DA:138,1
DA:139,1
DA:140,1
DA:141,1
DA:142,1
DA:143,1
DA:144,1
DA:145,1
DA:146,1
DA:147,1
DA:148,1
DA:149,1
DA:150,1
DA:151,1
DA:152,1
DA:153,1
LF:98
LH:93
end_of_record
SF:lib/data/models/tv_response_model.dart
DA:8,3
DA:10,2
DA:11,2
DA:12,4
DA:13,6
DA:14,6
DA:17,2
DA:18,5
DA:21,1
DA:22,2
LF:10
LH:10
end_of_record
SF:lib/data/datasources/db/tv_database_helper.dart
DA:7,0
DA:13,0
DA:14,0
DA:18,0
DA:19,0
DA:23,0
DA:24,0
DA:25,0
DA:27,0
DA:30,0
DA:31,0
DA:45,0
DA:46,0
DA:47,0
DA:50,0
DA:51,0
DA:53,0
DA:56,0
DA:60,0
DA:61,0
DA:62,0
DA:65,0
DA:68,0
DA:69,0
DA:75,0
DA:76,0
DA:77,0
LF:27
LH:0
end_of_record
SF:lib/data/datasources/tv/tv_local_datasources.dart
DA:16,1
DA:19,1
DA:21,2
DA:23,1
DA:29,1
DA:31,2
DA:32,4
DA:35,1
DA:38,2
DA:41,2
DA:45,1
DA:48,2
DA:51,2
LF:13
LH:13
end_of_record
SF:lib/data/models/tv_model.dart
DA:21,5
DA:38,2
DA:39,2
DA:40,2
DA:41,2
DA:42,2
DA:43,2
DA:44,2
DA:45,2
DA:46,2
DA:47,2
DA:48,2
DA:49,2
DA:50,2
DA:51,2
DA:52,2
DA:53,2
DA:57,4
DA:58,2
DA:59,2
DA:60,2
DA:61,0
DA:62,8
DA:63,2
DA:64,2
DA:65,0
DA:66,8
DA:67,2
DA:68,2
DA:69,2
DA:70,4
DA:71,2
DA:72,2
DA:73,2
DA:74,4
DA:75,2
DA:78,2
DA:79,1
DA:80,1
DA:82,5
DA:83,1
DA:84,1
DA:85,0
DA:86,4
DA:87,1
DA:88,1
DA:89,1
DA:90,1
DA:91,1
DA:92,1
DA:93,1
DA:94,1
DA:95,1
DA:98,2
DA:99,2
DA:100,2
DA:101,2
DA:102,2
DA:103,2
DA:104,2
DA:105,2
DA:106,2
DA:107,2
DA:108,2
DA:109,2
DA:110,2
DA:111,2
DA:112,2
DA:113,2
LF:69
LH:66
end_of_record
SF:lib/data/models/tv_table.dart
DA:12,10
DA:19,2
DA:20,1
DA:21,1
DA:22,1
DA:23,1
DA:26,2
DA:27,1
DA:28,1
DA:29,1
DA:30,1
DA:33,2
DA:34,1
DA:35,1
DA:36,1
DA:37,1
DA:40,4
DA:41,2
DA:42,2
DA:43,2
DA:44,2
DA:47,2
DA:48,10
LF:23
LH:23
end_of_record
SF:lib/domain/entities/tv_detail_entities.dart
DA:27,10
DA:50,3
DA:51,3
DA:52,3
DA:53,3
DA:54,3
DA:55,3
DA:56,3
DA:57,3
DA:58,3
DA:59,3
DA:60,3
DA:61,3
DA:62,3
DA:63,3
DA:64,3
DA:65,3
DA:66,3
DA:67,3
DA:68,3
DA:69,3
DA:70,3
DA:71,3
LF:23
LH:23
end_of_record
SF:lib/domain/entities/tv_entities.dart
DA:19,7
DA:36,2
DA:43,7
DA:44,7
DA:45,7
DA:46,7
DA:47,7
DA:48,7
DA:49,7
DA:50,7
DA:51,7
DA:52,7
DA:53,7
DA:54,7
DA:55,7
DA:56,7
DA:57,7
DA:58,7
LF:18
LH:18
end_of_record
SF:lib/data/models/genre_model.dart
DA:6,3
DA:14,2
DA:15,1
DA:16,1
DA:19,2
DA:20,1
DA:21,1
DA:24,2
DA:25,6
DA:28,1
DA:29,3
LF:11
LH:11
end_of_record
SF:lib/domain/entities/genre.dart
DA:4,10
DA:12,3
DA:13,9
LF:3
LH:3
end_of_record
SF:lib/data/repositories/tv_repository_impl.dart
DA:18,1
DA:24,1
DA:27,2
DA:28,5
DA:29,1
DA:31,1
DA:36,1
DA:39,2
DA:40,5
DA:41,1
DA:43,1
DA:48,1
DA:51,2
DA:52,5
DA:53,1
DA:55,1
DA:60,1
DA:63,2
DA:64,2
DA:65,1
DA:67,1
DA:72,1
DA:76,2
DA:77,3
DA:78,1
DA:80,1
DA:85,1
DA:87,2
DA:88,5
DA:91,1
DA:93,2
DA:97,1
DA:101,1
DA:102,2
DA:103,1
DA:104,1
DA:105,3
DA:109,1
DA:113,1
DA:114,2
DA:115,1
DA:116,1
DA:117,3
DA:119,0
DA:123,1
DA:126,2
DA:127,5
DA:128,1
DA:130,1
LF:49
LH:48
end_of_record
SF:lib/domain/usecases/get_watchlist_tv_status.dart
DA:6,1
DA:8,1
DA:9,2
LF:3
LH:3
end_of_record
SF:lib/domain/usecases/search_tv.dart
DA:9,1
DA:11,1
DA:12,2
LF:3
LH:3
end_of_record
SF:lib/domain/usecases/get_watchlist_tv.dart
DA:9,1
DA:11,1
DA:12,2
LF:3
LH:3
end_of_record
SF:lib/domain/usecases/save_watchlist_tv.dart
DA:9,1
DA:11,1
DA:12,2
LF:3
LH:3
end_of_record
SF:lib/domain/usecases/remove_watchlist_tv.dart
DA:10,1
DA:12,1
DA:13,2
LF:3
LH:3
end_of_record
SF:lib/domain/usecases/get_top_rated_tv.dart
DA:9,1
DA:11,1
DA:12,2
LF:3
LH:3
end_of_record
SF:lib/domain/usecases/get_tv_recommendations.dart
DA:10,1
DA:12,1
DA:13,2
LF:3
LH:3
end_of_record
SF:lib/domain/usecases/get_popular_tv.dart
DA:9,1
DA:11,1
DA:12,2
LF:3
LH:3
end_of_record
SF:lib/domain/usecases/get_on_air_tv.dart
DA:10,1
DA:12,1
DA:13,2
LF:3
LH:3
end_of_record
SF:lib/domain/usecases/get_tv_detail.dart
DA:9,1
DA:11,1
DA:12,2
LF:3
LH:3
end_of_record
SF:lib/presentation/bloc/tv_search/tv_search_event.dart
DA:4,1
DA:6,0
DA:7,0
DA:13,1
DA:15,0
DA:16,0
LF:6
LH:2
end_of_record
SF:lib/presentation/bloc/tv_search/tv_search_bloc.dart
DA:14,2
DA:15,1
DA:16,1
DA:17,3
DA:18,3
DA:19,1
DA:20,1
DA:21,3
DA:23,1
DA:26,1
DA:27,3
DA:34,1
DA:36,1
DA:37,1
LF:14
LH:14
end_of_record
SF:lib/presentation/bloc/tv_search/tv_search_state.dart
DA:8,3
DA:14,1
DA:15,4
DA:17,1
DA:22,1
DA:23,1
DA:24,1
DA:25,0
LF:8
LH:7
end_of_record
SF:lib/presentation/bloc/tv_list/tv_list_bloc.dart
DA:18,1
DA:22,1
DA:23,2
DA:24,2
DA:25,2
DA:28,1
DA:32,3
DA:33,2
DA:34,1
DA:35,4
DA:37,1
DA:39,4
DA:46,1
DA:50,3
DA:51,2
DA:52,1
DA:53,4
DA:55,1
DA:57,4
DA:64,1
DA:68,3
DA:69,2
DA:70,1
DA:71,4
DA:73,1
DA:75,4
LF:26
LH:26
end_of_record
SF:lib/presentation/bloc/tv_list/tv_list_event.dart
DA:4,1
DA:6,0
DA:7,0
LF:3
LH:1
end_of_record
SF:lib/presentation/bloc/tv_list/tv_list_state.dart
DA:10,3
DA:18,1
DA:25,1
DA:26,1
DA:27,0
DA:28,1
DA:29,1
DA:30,1
DA:34,1
DA:36,1
DA:37,1
DA:38,1
DA:39,1
DA:40,1
DA:41,1
LF:15
LH:14
end_of_record
SF:lib/presentation/bloc/tv_detail/tv_detail_event.dart
DA:4,2
DA:6,0
DA:7,0
DA:12,1
DA:14,0
DA:15,0
DA:21,1
DA:23,0
DA:24,0
DA:30,1
DA:32,0
DA:33,0
DA:39,2
DA:41,0
DA:42,0
LF:15
LH:5
end_of_record
SF:lib/presentation/bloc/tv_detail/tv_detail_state.dart
DA:12,3
DA:22,1
DA:31,1
DA:32,1
DA:33,1
DA:34,1
DA:36,1
DA:37,1
DA:38,1
DA:39,1
DA:43,1
DA:45,1
DA:46,1
DA:47,1
DA:48,1
DA:49,1
DA:50,1
DA:51,1
DA:52,1
LF:19
LH:19
end_of_record
SF:lib/presentation/bloc/tv_detail/tv_detail_bloc.dart
DA:26,1
DA:32,1
DA:33,2
DA:34,2
DA:35,2
DA:36,2
DA:39,1
DA:43,3
DA:44,3
DA:46,3
DA:47,1
DA:48,1
DA:49,3
DA:51,1
DA:54,1
DA:55,3
DA:60,1
DA:61,1
DA:62,3
DA:64,1
DA:67,1
DA:68,1
DA:69,3
DA:71,3
DA:82,1
DA:86,1
DA:87,2
DA:89,1
DA:90,5
DA:91,1
DA:92,3
DA:95,3
DA:98,1
DA:102,1
DA:103,2
DA:105,1
DA:106,5
DA:107,1
DA:108,3
DA:111,3
DA:114,1
DA:118,3
DA:119,3
LF:43
LH:43
end_of_record
SF:lib/presentation/bloc/watchlist_tv/watchlist_tv_state.dart
DA:8,3
DA:14,1
DA:19,1
DA:20,1
DA:21,1
DA:22,0
DA:26,1
DA:27,4
LF:8
LH:7
end_of_record
SF:lib/presentation/bloc/watchlist_tv/watchlist_tv_bloc.dart
DA:13,1
DA:15,1
DA:16,2
DA:17,3
DA:18,2
DA:19,1
DA:20,4
DA:22,1
DA:24,4
LF:9
LH:9
end_of_record
SF:lib/presentation/bloc/watchlist_tv/watchlist_tv_event.dart
DA:4,1
DA:6,0
DA:7,0
LF:3
LH:1
end_of_record
