SF:lib/data/datasources/movie/movie_local_datasources.dart
DA:18,1
DA:21,1
DA:23,2
DA:25,1
DA:31,1
DA:33,2
DA:34,4
DA:37,1
DA:40,2
DA:43,2
DA:47,1
DA:50,2
DA:53,2
DA:57,1
DA:59,2
DA:60,2
DA:63,1
DA:65,2
DA:66,1
DA:67,4
DA:69,1
LF:21
LH:21
end_of_record
SF:lib/data/models/movie_table.dart
DA:13,10
DA:20,2
DA:21,1
DA:22,1
DA:23,1
DA:24,1
DA:27,2
DA:28,1
DA:29,1
DA:30,1
DA:31,1
DA:34,2
DA:35,1
DA:36,1
DA:37,1
DA:38,1
DA:41,2
DA:42,1
DA:43,1
DA:44,1
DA:45,1
DA:48,4
DA:49,2
DA:50,2
DA:51,2
DA:52,2
DA:55,2
DA:56,10
LF:28
LH:28
end_of_record
SF:lib/domain/entities/genre.dart
DA:4,10
DA:12,3
DA:13,9
LF:3
LH:3
end_of_record
SF:lib/domain/entities/movie.dart
DA:4,7
DA:20,2
DA:41,7
DA:42,7
DA:43,7
DA:44,7
DA:45,7
DA:46,7
DA:47,7
DA:48,7
DA:49,7
DA:50,7
DA:51,7
DA:52,7
DA:53,7
DA:54,7
DA:55,7
LF:17
LH:17
end_of_record
SF:lib/domain/entities/movie_detail.dart
DA:6,10
DA:34,3
DA:35,3
DA:36,3
DA:37,3
DA:38,3
DA:39,3
DA:40,3
DA:41,3
DA:42,3
DA:43,3
DA:44,3
DA:45,3
DA:46,3
LF:14
LH:14
end_of_record
SF:lib/data/datasources/db/database_helper.dart
DA:6,0
DA:13,0
DA:17,0
DA:18,0
DA:22,0
DA:23,0
DA:24,0
DA:26,0
DA:29,0
DA:30,0
DA:38,0
DA:52,0
DA:54,0
DA:55,0
DA:56,0
DA:57,0
DA:58,0
DA:59,0
DA:64,0
DA:65,0
DA:66,0
DA:69,0
DA:75,0
DA:76,0
DA:77,0
DA:80,0
DA:84,0
DA:85,0
DA:86,0
DA:89,0
DA:90,0
DA:91,0
DA:94,0
DA:98,0
DA:99,0
DA:100,0
DA:103,0
DA:106,0
DA:107,0
DA:113,0
DA:114,0
DA:115,0
LF:42
LH:0
end_of_record
SF:lib/data/datasources/movie/movie_remote_datasources.dart
DA:22,1
DA:24,1
DA:26,1
DA:27,3
DA:29,2
DA:30,3
DA:32,1
DA:36,1
DA:38,3
DA:39,1
DA:41,2
DA:42,4
DA:44,1
DA:48,1
DA:50,1
DA:51,2
DA:53,2
DA:54,4
DA:56,1
DA:60,1
DA:62,1
DA:63,2
DA:65,2
DA:66,4
DA:68,1
DA:72,1
DA:74,1
DA:75,2
DA:77,2
DA:78,4
DA:80,1
DA:84,1
DA:86,3
DA:87,1
DA:89,2
DA:90,4
DA:92,1
LF:37
LH:37
end_of_record
SF:lib/data/models/movie_detail_model.dart
DA:7,3
DA:53,1
DA:54,1
DA:55,1
DA:56,1
DA:57,1
DA:58,1
DA:59,4
DA:60,1
DA:61,1
DA:62,1
DA:63,1
DA:64,1
DA:65,1
DA:66,2
DA:67,1
DA:68,1
DA:69,1
DA:70,1
DA:71,1
DA:72,1
DA:73,1
DA:74,1
DA:75,2
DA:76,1
DA:79,2
DA:80,1
DA:81,1
DA:82,1
DA:83,5
DA:84,1
DA:85,1
DA:86,1
DA:87,1
DA:88,1
DA:89,1
DA:90,1
DA:91,1
DA:92,1
DA:93,1
DA:94,1
DA:95,1
DA:96,1
DA:97,1
DA:98,1
DA:99,1
DA:100,1
DA:103,2
DA:104,2
DA:105,2
DA:106,2
DA:107,10
DA:108,2
DA:109,2
DA:110,2
DA:111,2
DA:112,2
DA:113,2
DA:114,2
DA:115,2
DA:116,2
DA:120,1
DA:121,1
DA:122,1
DA:123,1
DA:124,1
DA:125,1
DA:126,1
DA:127,1
DA:128,1
DA:129,1
DA:130,1
DA:131,1
DA:132,1
DA:133,1
DA:134,1
DA:135,1
DA:136,1
DA:137,1
DA:138,1
DA:139,1
DA:140,1
DA:141,1
DA:142,1
LF:84
LH:84
end_of_record
SF:lib/data/models/movie_model.dart
DA:6,5
DA:36,4
DA:37,2
DA:38,2
DA:39,8
DA:40,2
DA:41,2
DA:42,2
DA:43,4
DA:44,2
DA:45,2
DA:46,2
DA:47,2
DA:48,4
DA:49,2
DA:52,2
DA:53,1
DA:54,1
DA:55,4
DA:56,1
DA:57,1
DA:58,1
DA:59,1
DA:60,1
DA:61,1
DA:62,1
DA:63,1
DA:64,1
DA:65,1
DA:68,2
DA:69,2
DA:70,2
DA:71,2
DA:72,2
DA:73,2
DA:74,2
DA:75,2
DA:76,2
DA:77,2
DA:78,2
DA:79,2
DA:80,2
DA:81,2
DA:82,2
DA:86,2
DA:87,2
DA:88,2
DA:89,2
DA:90,2
DA:91,2
DA:92,2
DA:93,2
DA:94,2
DA:95,2
DA:96,2
DA:97,2
DA:98,2
DA:99,2
DA:100,2
LF:59
LH:59
end_of_record
SF:lib/data/models/movie_response.dart
DA:8,3
DA:10,4
DA:11,4
DA:12,6
DA:13,6
DA:16,2
DA:17,5
DA:20,1
DA:21,2
LF:9
LH:9
end_of_record
SF:lib/data/models/genre_model.dart
DA:6,3
DA:14,2
DA:15,1
DA:16,1
DA:19,2
DA:20,1
DA:21,1
DA:24,2
DA:25,6
DA:28,1
DA:29,3
LF:11
LH:11
end_of_record
SF:lib/data/repositories/movie_repository_impl.dart
DA:19,1
DA:25,1
DA:28,2
DA:29,2
DA:30,1
DA:32,1
DA:37,1
DA:40,2
DA:41,3
DA:42,1
DA:44,1
DA:49,1
DA:51,2
DA:53,2
DA:54,2
DA:55,4
DA:56,5
DA:57,1
DA:62,2
DA:63,5
DA:64,1
DA:65,3
DA:70,1
DA:73,2
DA:74,5
DA:75,1
DA:77,1
DA:82,1
DA:85,2
DA:86,5
DA:87,1
DA:89,1
DA:94,1
DA:96,2
DA:97,5
DA:100,1
DA:102,2
DA:106,1
DA:110,3
DA:111,1
DA:112,1
DA:113,3
DA:117,1
DA:121,3
DA:122,1
DA:123,1
DA:124,3
DA:126,0
DA:130,1
DA:133,2
DA:134,5
DA:135,1
DA:137,1
LF:53
LH:52
end_of_record
SF:lib/domain/usecases/get_top_rated_movies.dart
DA:10,1
DA:12,1
DA:13,2
LF:3
LH:3
end_of_record
SF:lib/domain/usecases/save_watchlist.dart
DA:10,1
DA:12,1
DA:13,2
LF:3
LH:3
end_of_record
SF:lib/domain/usecases/get_movie_detail.dart
DA:10,1
DA:12,1
DA:13,2
LF:3
LH:3
end_of_record
SF:lib/domain/usecases/get_movie_recommendations.dart
DA:10,1
DA:12,1
DA:13,2
LF:3
LH:3
end_of_record
SF:lib/domain/usecases/get_watchlist_movies.dart
DA:10,1
DA:12,1
DA:13,2
LF:3
LH:3
end_of_record
SF:lib/domain/usecases/get_now_playing_movies.dart
DA:10,1
DA:12,1
DA:13,2
LF:3
LH:3
end_of_record
SF:lib/domain/usecases/remove_watchlist.dart
DA:10,1
DA:12,1
DA:13,2
LF:3
LH:3
end_of_record
SF:lib/domain/usecases/get_popular_movies.dart
DA:10,1
DA:12,1
DA:13,2
LF:3
LH:3
end_of_record
SF:lib/domain/usecases/search_movies.dart
DA:10,1
DA:12,1
DA:13,2
LF:3
LH:3
end_of_record
SF:lib/domain/usecases/get_watchlist_status.dart
DA:6,1
DA:8,1
DA:9,2
LF:3
LH:3
end_of_record
SF:lib/presentation/bloc/movie_detail/movie_detail_event.dart
DA:4,2
DA:6,0
DA:7,0
DA:13,1
DA:15,0
DA:16,0
DA:22,1
DA:24,0
DA:25,0
DA:31,1
DA:33,0
DA:34,0
DA:40,2
DA:42,0
DA:43,0
LF:15
LH:5
end_of_record
SF:lib/presentation/bloc/movie_detail/movie_detail_state.dart
DA:12,3
DA:22,1
DA:31,1
DA:32,1
DA:33,1
DA:34,1
DA:35,1
DA:37,1
DA:38,1
DA:39,1
DA:43,1
DA:45,1
DA:46,1
DA:47,1
DA:48,1
DA:49,1
DA:50,1
DA:51,1
DA:52,1
LF:19
LH:19
end_of_record
SF:lib/presentation/bloc/movie_detail/movie_detail_bloc.dart
DA:27,1
DA:33,1
DA:34,2
DA:35,2
DA:36,2
DA:37,2
DA:40,1
DA:44,3
DA:45,3
DA:47,3
DA:48,1
DA:49,1
DA:50,3
DA:52,1
DA:55,1
DA:56,3
DA:61,1
DA:62,1
DA:63,3
DA:65,1
DA:68,1
DA:69,1
DA:70,3
DA:72,3
DA:83,1
DA:87,1
DA:88,2
DA:90,1
DA:91,5
DA:92,1
DA:93,3
DA:96,3
DA:99,1
DA:103,1
DA:104,2
DA:106,1
DA:107,5
DA:108,1
DA:109,3
DA:112,3
DA:115,1
DA:119,3
DA:120,3
LF:43
LH:43
end_of_record
SF:lib/presentation/bloc/watchlist_movie/watchlist_movie_bloc.dart
DA:15,1
DA:17,1
DA:18,2
DA:19,3
DA:20,2
DA:21,1
DA:22,4
DA:24,1
DA:26,4
LF:9
LH:9
end_of_record
SF:lib/presentation/bloc/watchlist_movie/watchlist_movie_event.dart
DA:4,1
DA:6,0
DA:7,0
LF:3
LH:1
end_of_record
SF:lib/presentation/bloc/watchlist_movie/watchlist_movie_state.dart
DA:8,3
DA:14,1
DA:19,1
DA:20,1
DA:21,1
DA:22,0
DA:26,1
DA:27,4
LF:8
LH:7
end_of_record
SF:lib/presentation/bloc/movie_search/movie_search_state.dart
DA:4,2
DA:6,1
DA:7,1
DA:19,2
DA:21,1
DA:22,2
DA:28,1
DA:30,1
DA:31,2
LF:9
LH:9
end_of_record
SF:lib/presentation/bloc/movie_search/movie_search_event.dart
DA:4,1
DA:6,0
DA:7,0
DA:13,1
DA:15,0
DA:16,0
LF:6
LH:2
end_of_record
SF:lib/presentation/bloc/movie_search/movie_search_bloc.dart
DA:14,3
DA:15,1
DA:16,1
DA:17,1
DA:19,2
DA:20,2
DA:22,1
DA:23,1
DA:24,3
DA:26,1
DA:27,2
DA:31,1
DA:33,1
DA:34,1
LF:14
LH:14
end_of_record
SF:lib/presentation/bloc/movie_list/movie_list_bloc.dart
DA:19,1
DA:23,1
DA:24,2
DA:25,2
DA:26,2
DA:29,1
DA:33,3
DA:34,2
DA:36,1
DA:37,4
DA:39,1
DA:41,4
DA:48,1
DA:52,3
DA:53,2
DA:55,1
DA:56,4
DA:58,1
DA:60,4
DA:67,1
DA:71,3
DA:72,2
DA:74,1
DA:75,4
DA:77,1
DA:79,4
LF:26
LH:26
end_of_record
SF:lib/presentation/bloc/movie_list/movie_list_event.dart
DA:4,1
DA:6,0
DA:7,0
LF:3
LH:1
end_of_record
SF:lib/presentation/bloc/movie_list/movie_list_state.dart
DA:10,3
DA:18,1
DA:25,1
DA:26,1
DA:27,0
DA:28,1
DA:29,1
DA:30,1
DA:34,1
DA:35,6
LF:10
LH:9
end_of_record
